2017-05-09 21:56:10: -- Analysis Started by On File Change, After Delay
2017-05-09 21:56:22: /3dcart_screenshot_desktop.jpg: Conflict: New files that differ
2017-05-09 21:56:22: /3dcart_screenshot_mobile.jpg: Conflict: New files that differ
2017-05-09 21:56:22: /3dcart_screenshot_tablet.jpg: Conflict: New files that differ
2017-05-09 21:56:22: /_notes/dwsync.xml: Conflict: New files that differ
2017-05-09 21:56:22: /css/_notes/dwsync.xml: Conflict: New files that differ
2017-05-09 21:56:22: /css/default.css: Conflict: New files that differ
2017-05-09 21:56:22: /drilldown-styles.html: Conflict: New files that differ
2017-05-09 21:56:22: /frame.html: Conflict: New files that differ
2017-05-09 21:56:22: /images/_notes/dwsync.xml: Conflict: New files that differ
2017-05-09 21:56:22: /images/angle.png: Conflict: New files that differ
2017-05-09 21:56:22: /images/banner.jpg: Conflict: New files that differ
2017-05-09 21:56:22: /images/banner2.jpg: Conflict: New files that differ
2017-05-09 21:56:22: /images/cards.png: Conflict: New files that differ
2017-05-09 21:56:22: /images/cart.png: Conflict: New files that differ
2017-05-09 21:56:22: /images/dark-arrow.png: Conflict: New files that differ
2017-05-09 21:56:22: /images/div.gif: Conflict: New files that differ
2017-05-09 21:56:22: /images/div.png: Conflict: New files that differ
2017-05-09 21:56:22: /images/dots.gif: Conflict: New files that differ
2017-05-09 21:56:22: /images/front-sample-picture.jpg: Conflict: New files that differ
2017-05-09 21:56:22: /images/go-arrow.png: Conflict: New files that differ
2017-05-09 21:56:22: /images/hello-icon.png: Conflict: New files that differ
2017-05-09 21:56:22: /images/lens.png: Conflict: New files that differ
2017-05-09 21:56:22: /images/logo.png: Conflict: New files that differ
2017-05-09 21:56:22: /images/slider.jpg: Conflict: New files that differ
2017-05-09 21:56:22: /images/spacer.gif: Conflict: New files that differ
2017-05-09 21:56:22: /images/watches-theme_03.jpg: Conflict: New files that differ
2017-05-09 21:56:22: /images/watches-theme_05.jpg: Conflict: New files that differ
2017-05-09 21:56:22: /images/watches-theme_07.jpg: Conflict: New files that differ
2017-05-09 21:56:22: /images/watches-theme_13.jpg: Conflict: New files that differ
2017-05-09 21:56:22: /images/watches-theme_15.jpg: Conflict: New files that differ
2017-05-09 21:56:22: /images/watches-theme_17.jpg: Conflict: New files that differ
2017-05-09 21:56:22: /js/_notes/dwsync.xml: Conflict: New files that differ
2017-05-09 21:56:22: /js/functions.js: Conflict: New files that differ
2017-05-09 21:56:22: /theme_settings.json: Conflict: New files that differ
2017-05-09 21:56:22: Changes: 34, Conflicts: 0, CopyTime: 0, FixState: 0, Errors: 0, All: 42
2017-05-09 21:56:22: Left to Right: Copy File: 34 
2017-05-09 21:56:22: == Sync Started by On File Change, After Delay
2017-05-09 21:56:22: 80% (34 / 42) files have changed (excluding renames), more than a threshold of 50%. So the job will not synchronize automatically.
2017-05-09 21:56:22: 
