2017-05-09 21:54:47: On File Change Monitoring started on file:///Users/Chris/Sites/3dcart/consolevault/templates/watches-html5
2017-05-09 21:54:48: File Monitoring not available on: ftps://3dcarttest123-com.3dcartstores.com:990/web/assets/templates/watches-html5
2017-05-09 21:54:50: -- Analysis Started by On File Change First Full Analyze Upon File Monitoring Start
2017-05-09 21:54:53: /3dcart_screenshot_desktop.jpg: Conflict: New files that differ
2017-05-09 21:54:53: /3dcart_screenshot_mobile.jpg: Conflict: New files that differ
2017-05-09 21:54:53: /3dcart_screenshot_tablet.jpg: Conflict: New files that differ
2017-05-09 21:54:53: /_notes/dwsync.xml: Conflict: New files that differ
2017-05-09 21:54:53: /css/_notes/dwsync.xml: Conflict: New files that differ
2017-05-09 21:54:53: /css/default.css: Conflict: New files that differ
2017-05-09 21:54:53: /drilldown-styles.html: Conflict: New files that differ
2017-05-09 21:54:53: /frame.html: Conflict: New files that differ
2017-05-09 21:54:53: /images/_notes/dwsync.xml: Conflict: New files that differ
2017-05-09 21:54:53: /images/angle.png: Conflict: New files that differ
2017-05-09 21:54:53: /images/banner.jpg: Conflict: New files that differ
2017-05-09 21:54:53: /images/banner2.jpg: Conflict: New files that differ
2017-05-09 21:54:53: /images/cards.png: Conflict: New files that differ
2017-05-09 21:54:53: /images/cart.png: Conflict: New files that differ
2017-05-09 21:54:53: /images/dark-arrow.png: Conflict: New files that differ
2017-05-09 21:54:53: /images/div.gif: Conflict: New files that differ
2017-05-09 21:54:53: /images/div.png: Conflict: New files that differ
2017-05-09 21:54:53: /images/dots.gif: Conflict: New files that differ
2017-05-09 21:54:53: /images/front-sample-picture.jpg: Conflict: New files that differ
2017-05-09 21:54:53: /images/go-arrow.png: Conflict: New files that differ
2017-05-09 21:54:53: /images/hello-icon.png: Conflict: New files that differ
2017-05-09 21:54:53: /images/lens.png: Conflict: New files that differ
2017-05-09 21:54:53: /images/logo.png: Conflict: New files that differ
2017-05-09 21:54:53: /images/slider.jpg: Conflict: New files that differ
2017-05-09 21:54:53: /images/spacer.gif: Conflict: New files that differ
2017-05-09 21:54:53: /images/watches-theme_03.jpg: Conflict: New files that differ
2017-05-09 21:54:53: /images/watches-theme_05.jpg: Conflict: New files that differ
2017-05-09 21:54:53: /images/watches-theme_07.jpg: Conflict: New files that differ
2017-05-09 21:54:53: /images/watches-theme_13.jpg: Conflict: New files that differ
2017-05-09 21:54:53: /images/watches-theme_15.jpg: Conflict: New files that differ
2017-05-09 21:54:53: /images/watches-theme_17.jpg: Conflict: New files that differ
2017-05-09 21:54:53: /js/_notes/dwsync.xml: Conflict: New files that differ
2017-05-09 21:54:53: /js/functions.js: Conflict: New files that differ
2017-05-09 21:54:53: /theme_settings.json: Conflict: New files that differ
2017-05-09 21:54:53: Changes: 34, Conflicts: 0, CopyTime: 0, FixState: 0, Errors: 0, All: 42
2017-05-09 21:54:53: Left to Right: Copy File: 34 
2017-05-09 21:54:53: == Sync Started by On File Change First Full Analyze Upon File Monitoring Start
2017-05-09 21:54:54: 80% (34 / 42) files have changed (excluding renames), more than a threshold of 50%. So the job will not synchronize automatically.
2017-05-09 21:54:54: 
